\BOOKMARK [1][-]{section.1}{\376\377\004\022\004\062\004\065\004\064\004\065\004\075\004\070\004\065}{}% 1
\BOOKMARK [2][-]{subsection.1.1}{\376\377\004\036\004\077\004\070\004\101\004\060\004\075\004\070\004\065\000\040\004\077\004\100\004\076\004\061\004\073\004\065\004\074\004\113}{section.1}% 2
\BOOKMARK [2][-]{subsection.1.2}{\376\377\004\027\004\060\004\107\004\065\004\074\000\040\004\115\004\102\004\076\000\040\004\075\004\103\004\066\004\075\004\076\000\040\000\050\004\077\004\076\004\102\004\065\004\075\004\106\004\070\004\060\004\073\004\114\004\075\004\113\004\065\000\040\004\077\004\076\004\073\004\114\004\067\004\076\004\062\004\060\004\102\004\065\004\073\004\070\000,\000\040\004\072\004\065\004\071\004\101\004\113\000\040\004\077\004\100\004\070\004\074\004\065\004\075\004\065\004\075\004\070\004\117\000\051}{section.1}% 3
\BOOKMARK [2][-]{subsection.1.3}{\376\377\004\037\004\076\004\101\004\102\004\060\004\075\004\076\004\062\004\072\004\060\000\040\004\067\004\060\004\064\004\060\004\107\004\070}{section.1}% 4
\BOOKMARK [2][-]{subsection.1.4}{\376\377\004\041\004\102\004\065\004\072\000\040\004\102\004\065\004\105\004\075\004\076\004\073\004\076\004\063\004\070\004\071}{section.1}% 5
\BOOKMARK [2][-]{subsection.1.5}{\376\377\004\055\004\102\004\060\004\077\004\113\000\040\004\100\004\060\004\061\004\076\004\102\004\113}{section.1}% 6
\BOOKMARK [1][-]{section.2}{\376\377\004\036\004\061\004\067\004\076\004\100\000\040\004\101\004\103\004\111\004\065\004\101\004\102\004\062\004\103\004\116\004\111\004\070\004\105\000\040\004\100\004\065\004\110\004\065\004\075\004\070\004\071}{}% 7
\BOOKMARK [2][-]{subsection.2.1}{\376\377\004\036\004\061\004\111\004\070\004\065\000\040\004\077\004\076\004\064\004\105\004\076\004\064\004\113\000\040\004\070\000\040\004\060\004\073\004\063\004\076\004\100\004\070\004\102\004\074\004\113\000\040\004\072\000\040\000O\000C\000R\000\040\004\062\000\040\004\062\004\070\004\064\004\065\004\076}{section.2}% 8
\BOOKMARK [2][-]{subsection.2.2}{\376\377\004\020\004\075\004\060\004\073\004\070\004\067\000\040\004\100\004\113\004\075\004\072\004\060\000\040\004\070\000\040\004\072\004\076\004\075\004\072\004\103\004\100\004\065\004\075\004\102\004\075\004\060\004\117\000\040\004\101\004\100\004\065\004\064\004\060}{section.2}% 9
\BOOKMARK [3][-]{subsubsection.2.2.1}{\376\377\004\036\004\101\004\075\004\076\004\062\004\075\004\113\004\065\000\040\004\072\004\060\004\102\004\065\004\063\004\076\004\100\004\070\004\070\000\040\004\072\004\076\004\075\004\072\004\103\004\100\004\065\004\075\004\102\004\076\004\062}{subsection.2.2}% 10
\BOOKMARK [3][-]{subsubsection.2.2.2}{\376\377\004\037\004\076\004\067\004\070\004\106\004\070\004\076\004\075\004\070\004\100\004\076\004\062\004\060\004\075\004\070\004\065\000\040\004\077\004\100\004\076\004\065\004\072\004\102\004\060\000\040\000F\000r\000a\000m\000e\000R\000e\000a\000d\000e\000r}{subsection.2.2}% 11
\BOOKMARK [3][-]{subsubsection.2.2.3}{\376\377\004\041\004\100\004\060\004\062\004\075\004\070\004\102\004\065\004\073\004\114\004\075\004\113\004\071\000\040\004\060\004\075\004\060\004\073\004\070\004\067\000:\000\040\004\077\004\100\004\065\004\070\004\074\004\103\004\111\004\065\004\101\004\102\004\062\004\060\000\040\004\070\000\040\004\075\004\065\004\064\004\076\004\101\004\102\004\060\004\102\004\072\004\070\000\040\000F\000r\000a\000m\000e\000R\000e\000a\000d\000e\000r}{subsection.2.2}% 12
\BOOKMARK [3][-]{subsubsection.2.2.4}{\376\377\004\030\004\102\004\076\004\063\004\076\004\062\004\113\004\071\000\040\004\062\004\113\004\062\004\076\004\064\000\040\004\077\004\076\000\040\004\072\004\076\004\075\004\072\004\103\004\100\004\065\004\075\004\102\004\075\004\076\004\074\004\103\000\040\004\060\004\075\004\060\004\073\004\070\004\067\004\103}{subsection.2.2}% 13
\BOOKMARK [2][-]{subsection.2.3}{\376\377\004\036\004\061\004\076\004\101\004\075\004\076\004\062\004\060\004\075\004\070\004\065\000\040\004\062\004\113\004\061\004\076\004\100\004\060\000\040\004\074\004\065\004\102\004\076\004\064\004\076\004\062\000\040\004\062\000\040\004\077\004\100\004\076\004\065\004\072\004\102\004\065\000\040\000F\000r\000a\000m\000e\000R\000e\000a\000d\000e\000r}{section.2}% 14
\BOOKMARK [1][-]{section.3}{\376\377\004\037\004\076\004\064\004\063\004\076\004\102\004\076\004\062\004\072\004\060\000\040\004\064\004\060\004\075\004\075\004\113\004\105}{}% 15
\BOOKMARK [2][-]{subsection.3.1}{\376\377\004\036\004\077\004\070\004\101\004\060\004\075\004\070\004\065\000\040\004\062\004\113\004\061\004\100\004\060\004\075\004\075\004\076\004\063\004\076\000\040\004\064\004\060\004\102\004\060\004\101\004\065\004\102\004\060}{section.3}% 16
\BOOKMARK [2][-]{subsection.3.2}{\376\377\004\037\004\100\004\065\004\064\004\076\004\061\004\100\004\060\004\061\004\076\004\102\004\072\004\060\000\040\004\064\004\060\004\075\004\075\004\113\004\105}{section.3}% 17
\BOOKMARK [2][-]{subsection.3.3}{\376\377\004\022\004\070\004\067\004\103\004\060\004\073\004\070\004\067\004\060\004\106\004\070\004\117\000\040\004\072\004\073\004\116\004\107\004\065\004\062\004\113\004\105\000\040\004\060\004\101\004\077\004\065\004\072\004\102\004\076\004\062\000\040\004\064\004\060\004\075\004\075\004\113\004\105}{section.3}% 18
\BOOKMARK [1][-]{section.4}{\376\377\004\040\004\060\004\067\004\100\004\060\004\061\004\076\004\102\004\072\004\060\000\040\004\074\004\076\004\064\004\065\004\073\004\070}{}% 19
\BOOKMARK [2][-]{subsection.4.1}{\376\377\004\030\004\101\004\077\004\076\004\073\004\114\004\067\004\103\004\065\004\074\004\113\004\065\000\040\004\060\004\073\004\063\004\076\004\100\004\070\004\102\004\074\004\113\000\040\004\070\000\040\004\060\004\100\004\105\004\070\004\102\004\065\004\072\004\102\004\103\004\100\004\113}{section.4}% 20
\BOOKMARK [3][-]{subsubsection.4.1.1}{\376\377\004\024\004\065\004\102\004\065\004\106\004\070\004\117\000\040\004\102\004\065\004\072\004\101\004\102\004\060\000:\000\040\000Y\000O\000L\000O\000v\0001\0002}{subsection.4.1}% 21
\BOOKMARK [3][-]{subsubsection.4.1.2}{\376\377\004\040\004\060\004\101\004\077\004\076\004\067\004\075\004\060\004\062\004\060\004\075\004\070\004\065\000\040\004\102\004\065\004\072\004\101\004\102\004\060\000\040\000\050\000O\000C\000R\000\051\000:\000\040\000T\000r\000O\000C\000R}{subsection.4.1}% 22
\BOOKMARK [3][-]{subsubsection.4.1.3}{\376\377\004\040\004\060\004\101\004\077\004\076\004\067\004\075\004\060\004\062\004\060\004\075\004\070\004\065\000\040\004\102\004\065\004\072\004\101\004\102\004\060\000\040\000\050\000O\000C\000R\000\051\000:\000\040\000D\000o\000n\000u\000t}{subsection.4.1}% 23
\BOOKMARK [2][-]{subsection.4.2}{\376\377\004\036\004\061\004\076\004\101\004\075\004\076\004\062\004\060\004\075\004\070\004\065\000\040\004\062\004\113\004\061\004\076\004\100\004\060\000\040\004\074\004\065\004\102\004\076\004\064\004\076\004\062}{section.4}% 24
\BOOKMARK [2][-]{subsection.4.3}{\376\377\004\023\004\070\004\077\004\065\004\100\004\077\004\060\004\100\004\060\004\074\004\065\004\102\004\100\004\113\000\040\004\070\000\040\004\101\004\102\004\100\004\060\004\102\004\065\004\063\004\070\004\117\000\040\004\076\004\061\004\103\004\107\004\065\004\075\004\070\004\117}{section.4}% 25
\BOOKMARK [3][-]{subsubsection.4.3.1}{\376\377\000Y\000O\000L\000O\000v\0001\0002}{subsection.4.3}% 26
\BOOKMARK [3][-]{subsubsection.4.3.2}{\376\377\000T\000r\000O\000C\000R}{subsection.4.3}% 27
\BOOKMARK [3][-]{subsubsection.4.3.3}{\376\377\000D\000o\000n\000u\000t}{subsection.4.3}% 28
\BOOKMARK [1][-]{section.5}{\376\377\004\040\004\065\004\060\004\073\004\070\004\067\004\060\004\106\004\070\004\117\000\040\004\070\000\040\004\076\004\061\004\103\004\107\004\065\004\075\004\070\004\065}{}% 29
\BOOKMARK [2][-]{subsection.5.1}{\376\377\004\036\004\077\004\070\004\101\004\060\004\075\004\070\004\065\000\040\004\072\004\076\004\064\004\060\000\040\004\070\000\040\004\076\004\072\004\100\004\103\004\066\004\065\004\075\004\070\004\117}{section.5}% 30
\BOOKMARK [3][-]{subsubsection.5.1.1}{\376\377\004\036\004\072\004\100\004\103\004\066\004\065\004\075\004\070\004\065\000\040\004\070\000\040\004\104\004\100\004\065\004\071\004\074\004\062\004\076\004\100\004\072\004\070}{subsection.5.1}% 31
\BOOKMARK [3][-]{subsubsection.5.1.2}{\376\377\004\041\004\102\004\100\004\103\004\072\004\102\004\103\004\100\004\060\000\040\004\072\004\076\004\064\004\060\000\040\004\070\000\040\004\101\004\072\004\100\004\070\004\077\004\102\004\113\000\040\004\076\004\061\004\103\004\107\004\065\004\075\004\070\004\117}{subsection.5.1}% 32
\BOOKMARK [2][-]{subsection.5.2}{\376\377\004\037\004\100\004\076\004\106\004\065\004\101\004\101\000\040\004\076\004\061\004\103\004\107\004\065\004\075\004\070\004\117}{section.5}% 33
\BOOKMARK [3][-]{subsubsection.5.2.1}{\376\377\000Y\000O\000L\000O\000v\0001\0002}{subsection.5.2}% 34
\BOOKMARK [3][-]{subsubsection.5.2.2}{\376\377\000T\000r\000O\000C\000R}{subsection.5.2}% 35
\BOOKMARK [3][-]{subsubsection.5.2.3}{\376\377\000D\000o\000n\000u\000t}{subsection.5.2}% 36
\BOOKMARK [2][-]{subsection.5.3}{\376\377\004\034\004\065\004\102\004\100\004\070\004\072\004\070\000\040\004\064\004\073\004\117\000\040\004\064\004\065\004\102\004\065\004\072\004\106\004\070\004\070\000\040\004\102\004\065\004\072\004\101\004\102\004\060\000\040\000\050\000Y\000O\000L\000O\000\051}{section.5}% 37
\BOOKMARK [2][-]{subsection.5.4}{\376\377\004\034\004\065\004\102\004\100\004\070\004\072\004\070\000\040\004\064\004\073\004\117\000\040\004\100\004\060\004\101\004\077\004\076\004\067\004\075\004\060\004\062\004\060\004\075\004\070\004\117\000\040\004\102\004\065\004\072\004\101\004\102\004\060\000\040\000\050\000T\000r\000O\000C\000R\000,\000\040\000D\000o\000n\000u\000t\000\051}{section.5}% 38
\BOOKMARK [1][-]{section.6}{\376\377\004\040\004\060\004\067\004\062\004\065\004\100\004\102\004\113\004\062\004\060\004\075\004\070\004\065\000\040\004\070\000\040\004\064\004\065\004\074\004\076\004\075\004\101\004\102\004\100\004\060\004\106\004\070\004\117}{}% 39
\BOOKMARK [2][-]{subsection.6.1}{\376\377\004\030\004\101\004\077\004\076\004\073\004\114\004\067\004\076\004\062\004\060\004\075\004\070\004\065\000\040\004\062\000\040\004\077\004\100\004\076\004\064\004\060\004\072\004\110\004\065\004\075\004\065\000\040\000\050\004\041\004\065\004\100\004\062\004\065\004\100\000\040\004\070\004\075\004\104\004\065\004\100\004\065\004\075\004\101\004\060\000\051}{section.6}% 40
\BOOKMARK [2][-]{subsection.6.2}{\376\377\000A\000P\000I\000\040\004\070\000\040\004\070\004\075\004\102\004\065\004\100\004\104\004\065\004\071\004\101\004\113}{section.6}% 41
\BOOKMARK [3][-]{subsubsection.6.2.1}{\376\377\000A\000P\000I\000\040\004\101\004\065\004\100\004\062\004\065\004\100\004\060\000\040\004\070\004\075\004\104\004\065\004\100\004\065\004\075\004\101\004\060}{subsection.6.2}% 42
\BOOKMARK [3][-]{subsubsection.6.2.2}{\376\377\000A\000P\000I\000\040\004\021\004\115\004\072\004\065\004\075\004\064\004\060}{subsection.6.2}% 43
\BOOKMARK [2][-]{subsection.6.3}{\376\377\004\032\004\076\004\074\004\077\004\076\004\075\004\065\004\075\004\102\004\113\000\040\004\101\004\070\004\101\004\102\004\065\004\074\004\113}{section.6}% 44
\BOOKMARK [3][-]{subsubsection.6.3.1}{\376\377\004\021\004\115\004\072\004\065\004\075\004\064\000\040\000\050\000S\000e\000r\000v\000e\000r\000\051}{subsection.6.3}% 45
\BOOKMARK [2][-]{subsection.6.4}{\376\377\004\024\004\065\004\074\004\076\004\075\004\101\004\102\004\100\004\060\004\106\004\070\004\117}{section.6}% 46
\BOOKMARK [1][-]{section.7}{\376\377\004\022\004\113\004\062\004\076\004\064\004\113\000\040\004\070\000\040\004\077\004\065\004\100\004\101\004\077\004\065\004\072\004\102\004\070\004\062\004\113}{}% 47
\BOOKMARK [2][-]{subsection.7.1}{\376\377\004\036\004\101\004\075\004\076\004\062\004\075\004\113\004\065\000\040\004\100\004\065\004\067\004\103\004\073\004\114\004\102\004\060\004\102\004\113\000\040\004\100\004\060\004\061\004\076\004\102\004\113}{section.7}% 48
\BOOKMARK [2][-]{subsection.7.2}{\376\377\004\035\004\065\004\100\004\065\004\110\004\065\004\075\004\075\004\113\004\065\000\040\004\077\004\100\004\076\004\061\004\073\004\065\004\074\004\113}{section.7}% 49
\BOOKMARK [2][-]{subsection.7.3}{\376\377\004\037\004\073\004\060\004\075\004\113\000\040\004\074\004\060\004\101\004\110\004\102\004\060\004\061\004\070\004\100\004\076\004\062\004\060\004\075\004\070\004\117}{section.7}% 50
